[1125/224301:INFO:CONSOLE(1)] "Uncaught SyntaxError: Unexpected identifier", source: http://sp.analytics.yahoo.com/sp.pl?a=10001942155268&jsonp=YAHOO.ywa.I13N.handleJSONResponse&d=Sun%2C%2026%20Nov%202017%2006%3A43%3A01%20GMT&n=8&b=Altium%20Documentation%20%7C%20Online%20Documentation%20for%20Altium%20Products&.yp=429165&f=http%3A%2F%2Fwww.altium.com%2Fdocumentation%2F&enc=UTF-8 (1)
[1125/224302:INFO:CONSOLE(25)] "Facebook Pixel Warning: Multiple pixels with conflicting versions were detected on this page", source: http://connect.facebook.net/en_US/fbevents.js (25)
[1125/233118:WARNING:dns_config_service_win.cc(665)] Failed to read DnsConfig.
[1125/233118:WARNING:dns_config_service_win.cc(665)] Failed to read DnsConfig.
[1125/233123:WARNING:dns_config_service_win.cc(665)] Failed to read DnsConfig.
[1125/233124:WARNING:dns_config_service_win.cc(665)] Failed to read DnsConfig.
[1126/000617:WARNING:dns_config_service_win.cc(665)] Failed to read DnsConfig.
[1126/000617:WARNING:dns_config_service_win.cc(665)] Failed to read DnsConfig.
[1126/000622:WARNING:dns_config_service_win.cc(665)] Failed to read DnsConfig.
[1126/000622:WARNING:dns_config_service_win.cc(665)] Failed to read DnsConfig.
[1126/004115:WARNING:dns_config_service_win.cc(665)] Failed to read DnsConfig.
[1126/004120:WARNING:dns_config_service_win.cc(665)] Failed to read DnsConfig.
[1126/011613:WARNING:dns_config_service_win.cc(665)] Failed to read DnsConfig.
[1126/011618:WARNING:dns_config_service_win.cc(665)] Failed to read DnsConfig.
[1126/015112:WARNING:dns_config_service_win.cc(665)] Failed to read DnsConfig.
[1126/015112:WARNING:dns_config_service_win.cc(665)] Failed to read DnsConfig.
[1126/015112:WARNING:dns_config_service_win.cc(665)] Failed to read DnsConfig.
[1126/015117:WARNING:dns_config_service_win.cc(665)] Failed to read DnsConfig.
[1126/015117:WARNING:dns_config_service_win.cc(665)] Failed to read DnsConfig.
[1126/022611:WARNING:dns_config_service_win.cc(665)] Failed to read DnsConfig.
[1126/022611:WARNING:dns_config_service_win.cc(665)] Failed to read DnsConfig.
[1126/022611:WARNING:dns_config_service_win.cc(665)] Failed to read DnsConfig.
[1126/022616:WARNING:dns_config_service_win.cc(665)] Failed to read DnsConfig.
[1126/022616:WARNING:dns_config_service_win.cc(665)] Failed to read DnsConfig.
[1126/030109:WARNING:dns_config_service_win.cc(665)] Failed to read DnsConfig.
[1126/030114:WARNING:dns_config_service_win.cc(665)] Failed to read DnsConfig.
[1126/033607:WARNING:dns_config_service_win.cc(665)] Failed to read DnsConfig.
[1126/033612:WARNING:dns_config_service_win.cc(665)] Failed to read DnsConfig.
[1126/041106:WARNING:dns_config_service_win.cc(665)] Failed to read DnsConfig.
[1126/041111:WARNING:dns_config_service_win.cc(665)] Failed to read DnsConfig.
[1126/044605:WARNING:dns_config_service_win.cc(665)] Failed to read DnsConfig.
[1126/044610:WARNING:dns_config_service_win.cc(665)] Failed to read DnsConfig.
[1126/052105:WARNING:dns_config_service_win.cc(665)] Failed to read DnsConfig.
[1126/052110:WARNING:dns_config_service_win.cc(665)] Failed to read DnsConfig.
[1126/055603:WARNING:dns_config_service_win.cc(665)] Failed to read DnsConfig.
[1126/055608:WARNING:dns_config_service_win.cc(665)] Failed to read DnsConfig.
[1126/063101:WARNING:dns_config_service_win.cc(665)] Failed to read DnsConfig.
[1126/063106:WARNING:dns_config_service_win.cc(665)] Failed to read DnsConfig.
[1126/070559:WARNING:dns_config_service_win.cc(665)] Failed to read DnsConfig.
[1126/070604:WARNING:dns_config_service_win.cc(665)] Failed to read DnsConfig.
[1126/074058:WARNING:dns_config_service_win.cc(665)] Failed to read DnsConfig.
[1126/074103:WARNING:dns_config_service_win.cc(665)] Failed to read DnsConfig.
[1126/081555:WARNING:dns_config_service_win.cc(665)] Failed to read DnsConfig.
[1126/081600:WARNING:dns_config_service_win.cc(665)] Failed to read DnsConfig.
[1126/085054:WARNING:dns_config_service_win.cc(665)] Failed to read DnsConfig.
[1126/085059:WARNING:dns_config_service_win.cc(665)] Failed to read DnsConfig.
[1126/102146:ERROR:gl_context_egl.cc(87)] eglCreateContext failed with error EGL_CONTEXT_LOST
[1126/102146:ERROR:command_buffer_proxy_impl.cc(199)] Failed to initialize command buffer service.
[1126/102146:ERROR:webgraphicscontext3d_command_buffer_impl.cc(199)] CommandBufferProxy::Initialize failed.
[1126/102146:ERROR:webgraphicscontext3d_command_buffer_impl.cc(218)] Failed to initialize command buffer.
[1126/102146:ERROR:gl_context_egl.cc(87)] eglCreateContext failed with error EGL_CONTEXT_LOST
[1126/102146:ERROR:command_buffer_proxy_impl.cc(199)] Failed to initialize command buffer service.
[1126/102146:ERROR:webgraphicscontext3d_command_buffer_impl.cc(199)] CommandBufferProxy::Initialize failed.
[1126/102146:ERROR:webgraphicscontext3d_command_buffer_impl.cc(218)] Failed to initialize command buffer.
[1126/102146:ERROR:gl_context_egl.cc(87)] eglCreateContext failed with error EGL_CONTEXT_LOST
[1126/102146:ERROR:command_buffer_proxy_impl.cc(199)] Failed to initialize command buffer service.
[1126/102146:ERROR:webgraphicscontext3d_command_buffer_impl.cc(199)] CommandBufferProxy::Initialize failed.
[1126/102146:ERROR:webgraphicscontext3d_command_buffer_impl.cc(218)] Failed to initialize command buffer.
[1126/102146:ERROR:gl_context_egl.cc(87)] eglCreateContext failed with error EGL_CONTEXT_LOST
[1126/102146:ERROR:command_buffer_proxy_impl.cc(199)] Failed to initialize command buffer service.
[1126/102146:ERROR:webgraphicscontext3d_command_buffer_impl.cc(199)] CommandBufferProxy::Initialize failed.
[1126/102146:ERROR:webgraphicscontext3d_command_buffer_impl.cc(218)] Failed to initialize command buffer.
[1126/102146:ERROR:gles2_cmd_decoder.cc(13124)] Onscreen context lost via ARB/EXT_robustness. Reset status = GL_UNKNOWN_CONTEXT_RESET_KHR
[1126/102146:ERROR:gles2_cmd_decoder.cc(3702)]   GLES2DecoderImpl: Context reset detected after MakeCurrent.
[1126/102146:ERROR:gpu_channel_manager.cc(253)] Exiting GPU process because some drivers cannot recover from problems.
[1126/102146:ERROR:gpu_channel_manager.cc(253)] Exiting GPU process because some drivers cannot recover from problems.
[1126/102146:ERROR:gpu_channel_manager.cc(253)] Exiting GPU process because some drivers cannot recover from problems.
[1126/102146:ERROR:gpu_channel_manager.cc(253)] Exiting GPU process because some drivers cannot recover from problems.
[1126/102146:ERROR:gpu_channel_manager.cc(253)] Exiting GPU process because some drivers cannot recover from problems.
[1126/102146:ERROR:gpu_channel_manager.cc(253)] Exiting GPU process because some drivers cannot recover from problems.
[1126/102146:ERROR:gpu_channel_manager.cc(253)] Exiting GPU process because some drivers cannot recover from problems.
[1126/102146:ERROR:gpu_channel_manager.cc(253)] Exiting GPU process because some drivers cannot recover from problems.
[1126/102146:ERROR:gpu_channel_manager.cc(253)] Exiting GPU process because some drivers cannot recover from problems.
[1126/102146:ERROR:gl_bindings_autogen_gl.cc(11444)] Trying to call glDeleteBuffersARB() without current GL context
[1126/102146:ERROR:gl_bindings_autogen_gl.cc(11444)] Trying to call glDeleteBuffersARB() without current GL context
[1126/102146:ERROR:gl_bindings_autogen_gl.cc(11526)] Trying to call glDeleteVertexArraysOES() without current GL context
[1126/102146:ERROR:gl_bindings_autogen_gl.cc(11444)] Trying to call glDeleteBuffersARB() without current GL context
[1126/102146:ERROR:gl_bindings_autogen_gl.cc(11444)] Trying to call glDeleteBuffersARB() without current GL context
[1126/102146:ERROR:gl_bindings_autogen_gl.cc(11444)] Trying to call glDeleteBuffersARB() without current GL context
[1126/102146:ERROR:gl_bindings_autogen_gl.cc(11444)] Trying to call glDeleteBuffersARB() without current GL context
[1126/102146:ERROR:gl_bindings_autogen_gl.cc(11444)] Trying to call glDeleteBuffersARB() without current GL context
[1126/102146:ERROR:gl_bindings_autogen_gl.cc(11444)] Trying to call glDeleteBuffersARB() without current GL context
[1126/102146:ERROR:gl_bindings_autogen_gl.cc(11444)] Trying to call glDeleteBuffersARB() without current GL context
[1126/102146:ERROR:gl_bindings_autogen_gl.cc(11444)] Trying to call glDeleteBuffersARB() without current GL context
[1126/102146:ERROR:gl_bindings_autogen_gl.cc(11444)] Trying to call glDeleteBuffersARB() without current GL context
[1126/102146:ERROR:gl_bindings_autogen_gl.cc(11444)] Trying to call glDeleteBuffersARB() without current GL context
[1126/102146:ERROR:gl_bindings_autogen_gl.cc(11444)] Trying to call glDeleteBuffersARB() without current GL context
[1126/102146:ERROR:gl_bindings_autogen_gl.cc(11444)] Trying to call glDeleteBuffersARB() without current GL context
[1126/102147:ERROR:gl_bindings_autogen_gl.cc(11465)] Trying to call glDeleteFramebuffersEXT() without current GL context
[1126/102147:ERROR:gl_bindings_autogen_gl.cc(11465)] Trying to call glDeleteFramebuffersEXT() without current GL context
[1126/102147:ERROR:gl_bindings_autogen_gl.cc(11465)] Trying to call glDeleteFramebuffersEXT() without current GL context
[1126/102147:ERROR:gl_bindings_autogen_gl.cc(11511)] Trying to call glDeleteTextures() without current GL context
[1126/102147:ERROR:gl_bindings_autogen_gl.cc(11476)] Trying to call glDeleteProgram() without current GL context
[1126/102147:ERROR:gl_bindings_autogen_gl.cc(11476)] Trying to call glDeleteProgram() without current GL context
[1126/102147:ERROR:gl_bindings_autogen_gl.cc(11476)] Trying to call glDeleteProgram() without current GL context
[1126/102147:ERROR:gl_bindings_autogen_gl.cc(11476)] Trying to call glDeleteProgram() without current GL context
[1126/102147:ERROR:gl_bindings_autogen_gl.cc(11476)] Trying to call glDeleteProgram() without current GL context
[1126/102147:ERROR:gl_bindings_autogen_gl.cc(11476)] Trying to call glDeleteProgram() without current GL context
[1126/102147:ERROR:gl_bindings_autogen_gl.cc(11476)] Trying to call glDeleteProgram() without current GL context
[1126/102147:ERROR:gl_bindings_autogen_gl.cc(11476)] Trying to call glDeleteProgram() without current GL context
[1126/102147:ERROR:gl_bindings_autogen_gl.cc(11500)] Trying to call glDeleteShader() without current GL context
[1126/102147:ERROR:gl_bindings_autogen_gl.cc(11500)] Trying to call glDeleteShader() without current GL context
[1126/102147:ERROR:gl_bindings_autogen_gl.cc(11500)] Trying to call glDeleteShader() without current GL context
[1126/102147:ERROR:gl_bindings_autogen_gl.cc(11500)] Trying to call glDeleteShader() without current GL context
[1126/102147:ERROR:gl_bindings_autogen_gl.cc(11500)] Trying to call glDeleteShader() without current GL context
[1126/102147:ERROR:gl_bindings_autogen_gl.cc(11500)] Trying to call glDeleteShader() without current GL context
[1126/102147:ERROR:gl_bindings_autogen_gl.cc(11500)] Trying to call glDeleteShader() without current GL context
[1126/102147:ERROR:gl_bindings_autogen_gl.cc(11500)] Trying to call glDeleteShader() without current GL context
[1126/102147:ERROR:gl_bindings_autogen_gl.cc(11500)] Trying to call glDeleteShader() without current GL context
[1126/102147:ERROR:gl_bindings_autogen_gl.cc(11500)] Trying to call glDeleteShader() without current GL context
[1126/102147:ERROR:gl_bindings_autogen_gl.cc(11500)] Trying to call glDeleteShader() without current GL context
[1126/102147:ERROR:gl_bindings_autogen_gl.cc(11500)] Trying to call glDeleteShader() without current GL context
[1126/102147:ERROR:gl_bindings_autogen_gl.cc(11500)] Trying to call glDeleteShader() without current GL context
[1126/102147:ERROR:gl_bindings_autogen_gl.cc(11500)] Trying to call glDeleteShader() without current GL context
[1126/102147:ERROR:gl_bindings_autogen_gl.cc(11500)] Trying to call glDeleteShader() without current GL context
[1126/102147:ERROR:gl_bindings_autogen_gl.cc(11500)] Trying to call glDeleteShader() without current GL context
[1126/102147:ERROR:ipc_channel_win.cc(217)] pipe error: 109
[1126/102147:ERROR:gpu_channel_host.cc(228)] Failed to send GpuChannelMsg_CreateCommandBuffer.
[1126/102147:ERROR:webgraphicscontext3d_command_buffer_impl.cc(218)] Failed to initialize command buffer.
[1126/102147:ERROR:gles2_cmd_decoder.cc(14683)] [.CommandBufferContext.DisplayCompositor-3BD36540]GL ERROR :GL_INVALID_OPERATION : glCreateAndConsumeTextureCHROMIUM: invalid mailbox name
[1126/102147:ERROR:gles2_cmd_decoder.cc(7857)] [.CommandBufferContext.DisplayCompositor-3BD36540]RENDER WARNING: texture bound to texture unit 0 is not renderable. It maybe non-power-of-2 and have incompatible texture filtering.
[1126/102147:ERROR:gles2_cmd_decoder.cc(14683)] [.CommandBufferContext.DisplayCompositor-3BD36540]GL ERROR :GL_INVALID_OPERATION : glCreateAndConsumeTextureCHROMIUM: invalid mailbox name
[1126/102147:ERROR:gles2_cmd_decoder.cc(7857)] [.CommandBufferContext.DisplayCompositor-3BD36540]RENDER WARNING: texture bound to texture unit 0 is not renderable. It maybe non-power-of-2 and have incompatible texture filtering.
[1126/102147:ERROR:gles2_cmd_decoder.cc(14683)] [.CommandBufferContext.DisplayCompositor-3BD36540]GL ERROR :GL_INVALID_OPERATION : glCreateAndConsumeTextureCHROMIUM: invalid mailbox name
[1126/102147:ERROR:gles2_cmd_decoder.cc(7857)] [.CommandBufferContext.DisplayCompositor-3BD36540]RENDER WARNING: texture bound to texture unit 0 is not renderable. It maybe non-power-of-2 and have incompatible texture filtering.
[1126/102147:ERROR:gles2_cmd_decoder.cc(14683)] [.CommandBufferContext.DisplayCompositor-3BD36540]GL ERROR :GL_INVALID_OPERATION : glCreateAndConsumeTextureCHROMIUM: invalid mailbox name
[1126/102147:ERROR:gles2_cmd_decoder.cc(7857)] [.CommandBufferContext.DisplayCompositor-3BD36540]RENDER WARNING: texture bound to texture unit 0 is not renderable. It maybe non-power-of-2 and have incompatible texture filtering.
[1126/102147:ERROR:gles2_cmd_decoder.cc(14683)] [.CommandBufferContext.DisplayCompositor-3BD36540]GL ERROR :GL_INVALID_OPERATION : glCreateAndConsumeTextureCHROMIUM: invalid mailbox name
[1126/102147:ERROR:gles2_cmd_decoder.cc(7857)] [.CommandBufferContext.DisplayCompositor-3BD36540]RENDER WARNING: texture bound to texture unit 0 is not renderable. It maybe non-power-of-2 and have incompatible texture filtering.
[1126/102147:ERROR:gles2_cmd_decoder.cc(14683)] [.CommandBufferContext.DisplayCompositor-3BD36540]GL ERROR :GL_INVALID_OPERATION : glCreateAndConsumeTextureCHROMIUM: invalid mailbox name
[1126/102147:ERROR:gles2_cmd_decoder.cc(7857)] [.CommandBufferContext.DisplayCompositor-3BD36540]RENDER WARNING: texture bound to texture unit 0 is not renderable. It maybe non-power-of-2 and have incompatible texture filtering.
[1126/102147:ERROR:gles2_cmd_decoder.cc(14683)] [.CommandBufferContext.DisplayCompositor-3BD36540]GL ERROR :GL_INVALID_OPERATION : glCreateAndConsumeTextureCHROMIUM: invalid mailbox name
[1126/102147:ERROR:gles2_cmd_decoder.cc(7857)] [.CommandBufferContext.DisplayCompositor-3BD36540]RENDER WARNING: texture bound to texture unit 0 is not renderable. It maybe non-power-of-2 and have incompatible texture filtering.
[1126/102147:ERROR:gles2_cmd_decoder.cc(14683)] [.CommandBufferContext.DisplayCompositor-3BD36540]GL ERROR :GL_INVALID_OPERATION : glCreateAndConsumeTextureCHROMIUM: invalid mailbox name
[1126/102147:ERROR:gles2_cmd_decoder.cc(7857)] [.CommandBufferContext.DisplayCompositor-3BD36540]RENDER WARNING: texture bound to texture unit 0 is not renderable. It maybe non-power-of-2 and have incompatible texture filtering.
[1126/102147:ERROR:gles2_cmd_decoder.cc(14683)] [.CommandBufferContext.DisplayCompositor-3BD36540]GL ERROR :GL_INVALID_OPERATION : glCreateAndConsumeTextureCHROMIUM: invalid mailbox name
[1126/102147:ERROR:gles2_cmd_decoder.cc(7857)] [.CommandBufferContext.DisplayCompositor-3BD36540]RENDER WARNING: texture bound to texture unit 0 is not renderable. It maybe non-power-of-2 and have incompatible texture filtering.
[1126/102147:ERROR:gles2_cmd_decoder.cc(14683)] [.CommandBufferContext.DisplayCompositor-3BD36540]GL ERROR :GL_INVALID_OPERATION : glCreateAndConsumeTextureCHROMIUM: invalid mailbox name
[1126/102147:ERROR:gles2_cmd_decoder.cc(7857)] [.CommandBufferContext.DisplayCompositor-3BD36540]RENDER WARNING: texture bound to texture unit 0 is not renderable. It maybe non-power-of-2 and have incompatible texture filtering.
[1126/102147:ERROR:gles2_cmd_decoder.cc(14683)] [.CommandBufferContext.DisplayCompositor-3BD36540]GL ERROR :GL_INVALID_OPERATION : glCreateAndConsumeTextureCHROMIUM: invalid mailbox name
[1126/102147:ERROR:gles2_cmd_decoder.cc(7857)] [.CommandBufferContext.DisplayCompositor-3BD36540]RENDER WARNING: texture bound to texture unit 0 is not renderable. It maybe non-power-of-2 and have incompatible texture filtering.
[1126/102147:ERROR:gles2_cmd_decoder.cc(14683)] [.CommandBufferContext.DisplayCompositor-3BD36540]GL ERROR :GL_INVALID_OPERATION : glCreateAndConsumeTextureCHROMIUM: invalid mailbox name
[1126/102147:ERROR:gles2_cmd_decoder.cc(7857)] [.CommandBufferContext.DisplayCompositor-3BD36540]RENDER WARNING: texture bound to texture unit 0 is not renderable. It maybe non-power-of-2 and have incompatible texture filtering.
[1126/102147:ERROR:gles2_cmd_decoder.cc(14683)] [.CommandBufferContext.DisplayCompositor-3BD36540]GL ERROR :GL_INVALID_OPERATION : glCreateAndConsumeTextureCHROMIUM: invalid mailbox name
[1126/102147:ERROR:gles2_cmd_decoder.cc(7857)] [.CommandBufferContext.DisplayCompositor-3BD36540]RENDER WARNING: texture bound to texture unit 0 is not renderable. It maybe non-power-of-2 and have incompatible texture filtering.
[1126/102147:ERROR:gles2_cmd_decoder.cc(14683)] [.CommandBufferContext.DisplayCompositor-3BD36540]GL ERROR :GL_INVALID_OPERATION : glCreateAndConsumeTextureCHROMIUM: invalid mailbox name
[1126/102147:ERROR:gles2_cmd_decoder.cc(7857)] [.CommandBufferContext.DisplayCompositor-3BD36540]RENDER WARNING: texture bound to texture unit 0 is not renderable. It maybe non-power-of-2 and have incompatible texture filtering.
[1126/102147:ERROR:gles2_cmd_decoder.cc(14683)] [.CommandBufferContext.DisplayCompositor-3BD36540]GL ERROR :GL_INVALID_OPERATION : glCreateAndConsumeTextureCHROMIUM: invalid mailbox name
[1126/102147:ERROR:gles2_cmd_decoder.cc(7857)] [.CommandBufferContext.DisplayCompositor-3BD36540]RENDER WARNING: texture bound to texture unit 0 is not renderable. It maybe non-power-of-2 and have incompatible texture filtering.
[1126/102147:ERROR:gles2_cmd_decoder.cc(14683)] [.CommandBufferContext.DisplayCompositor-3BD36540]GL ERROR :GL_INVALID_OPERATION : glCreateAndConsumeTextureCHROMIUM: invalid mailbox name
[1126/102147:ERROR:gles2_cmd_decoder.cc(7857)] [.CommandBufferContext.DisplayCompositor-3BD36540]RENDER WARNING: texture bound to texture unit 0 is not renderable. It maybe non-power-of-2 and have incompatible texture filtering.
[1126/102147:ERROR:gles2_cmd_decoder.cc(14683)] [.CommandBufferContext.DisplayCompositor-3BD36540]GL ERROR :GL_INVALID_OPERATION : glCreateAndConsumeTextureCHROMIUM: invalid mailbox name
[1126/102147:ERROR:gles2_cmd_decoder.cc(7857)] [.CommandBufferContext.DisplayCompositor-3BD36540]RENDER WARNING: texture bound to texture unit 0 is not renderable. It maybe non-power-of-2 and have incompatible texture filtering.
[1126/102147:ERROR:gles2_cmd_decoder.cc(14683)] [.CommandBufferContext.DisplayCompositor-3BD36540]GL ERROR :GL_INVALID_OPERATION : glCreateAndConsumeTextureCHROMIUM: invalid mailbox name
[1126/102147:ERROR:gles2_cmd_decoder.cc(7857)] [.CommandBufferContext.DisplayCompositor-3BD36540]RENDER WARNING: texture bound to texture unit 0 is not renderable. It maybe non-power-of-2 and have incompatible texture filtering.
[1126/102147:ERROR:gles2_cmd_decoder.cc(14683)] [.CommandBufferContext.DisplayCompositor-3BD36540]GL ERROR :GL_INVALID_OPERATION : glCreateAndConsumeTextureCHROMIUM: invalid mailbox name
[1126/102147:ERROR:gles2_cmd_decoder.cc(7857)] [.CommandBufferContext.DisplayCompositor-3BD36540]RENDER WARNING: texture bound to texture unit 0 is not renderable. It maybe non-power-of-2 and have incompatible texture filtering.
[1126/102147:ERROR:gles2_cmd_decoder.cc(14683)] [.CommandBufferContext.DisplayCompositor-3BD36540]GL ERROR :GL_INVALID_OPERATION : glCreateAndConsumeTextureCHROMIUM: invalid mailbox name
[1126/102147:ERROR:gles2_cmd_decoder.cc(7857)] [.CommandBufferContext.DisplayCompositor-3BD36540]RENDER WARNING: texture bound to texture unit 0 is not renderable. It maybe non-power-of-2 and have incompatible texture filtering.
[1126/102147:ERROR:gles2_cmd_decoder.cc(14683)] [.CommandBufferContext.DisplayCompositor-3BD36540]GL ERROR :GL_INVALID_OPERATION : glCreateAndConsumeTextureCHROMIUM: invalid mailbox name
[1126/102147:ERROR:gles2_cmd_decoder.cc(7857)] [.CommandBufferContext.DisplayCompositor-3BD36540]RENDER WARNING: texture bound to texture unit 0 is not renderable. It maybe non-power-of-2 and have incompatible texture filtering.
[1126/102147:ERROR:gles2_cmd_decoder.cc(14683)] [.CommandBufferContext.DisplayCompositor-3BD36540]GL ERROR :GL_INVALID_OPERATION : glCreateAndConsumeTextureCHROMIUM: invalid mailbox name
[1126/102147:ERROR:gles2_cmd_decoder.cc(7857)] [.CommandBufferContext.DisplayCompositor-3BD36540]RENDER WARNING: texture bound to texture unit 0 is not renderable. It maybe non-power-of-2 and have incompatible texture filtering.
[1126/102147:ERROR:gles2_cmd_decoder.cc(14683)] [.CommandBufferContext.DisplayCompositor-3BD36540]GL ERROR :GL_INVALID_OPERATION : glCreateAndConsumeTextureCHROMIUM: invalid mailbox name
[1126/102147:ERROR:gles2_cmd_decoder.cc(7857)] [.CommandBufferContext.DisplayCompositor-3BD36540]RENDER WARNING: texture bound to texture unit 0 is not renderable. It maybe non-power-of-2 and have incompatible texture filtering.
[1126/102147:ERROR:gles2_cmd_decoder.cc(14683)] [.CommandBufferContext.DisplayCompositor-3BD36540]GL ERROR :GL_INVALID_OPERATION : glCreateAndConsumeTextureCHROMIUM: invalid mailbox name
[1126/102147:ERROR:gles2_cmd_decoder.cc(7857)] [.CommandBufferContext.DisplayCompositor-3BD36540]RENDER WARNING: texture bound to texture unit 0 is not renderable. It maybe non-power-of-2 and have incompatible texture filtering.
[1126/102147:ERROR:gles2_cmd_decoder.cc(14683)] [.CommandBufferContext.DisplayCompositor-3BD36540]GL ERROR :GL_INVALID_OPERATION : glCreateAndConsumeTextureCHROMIUM: invalid mailbox name
[1126/102147:ERROR:gles2_cmd_decoder.cc(7857)] [.CommandBufferContext.DisplayCompositor-3BD36540]RENDER WARNING: texture bound to texture unit 0 is not renderable. It maybe non-power-of-2 and have incompatible texture filtering.
[1126/102147:ERROR:gles2_cmd_decoder.cc(14683)] [.CommandBufferContext.DisplayCompositor-3BD36540]GL ERROR :GL_INVALID_OPERATION : glCreateAndConsumeTextureCHROMIUM: invalid mailbox name
[1126/102147:ERROR:gles2_cmd_decoder.cc(7857)] [.CommandBufferContext.DisplayCompositor-3BD36540]RENDER WARNING: texture bound to texture unit 0 is not renderable. It maybe non-power-of-2 and have incompatible texture filtering.
[1126/102147:ERROR:gles2_cmd_decoder.cc(14683)] [.CommandBufferContext.DisplayCompositor-3BD36540]GL ERROR :GL_INVALID_OPERATION : glCreateAndConsumeTextureCHROMIUM: invalid mailbox name
[1126/102147:ERROR:gles2_cmd_decoder.cc(7857)] [.CommandBufferContext.DisplayCompositor-3BD36540]RENDER WARNING: texture bound to texture unit 0 is not renderable. It maybe non-power-of-2 and have incompatible texture filtering.
[1126/102147:ERROR:gles2_cmd_decoder.cc(14683)] [.CommandBufferContext.DisplayCompositor-3BD36540]GL ERROR :GL_INVALID_OPERATION : glCreateAndConsumeTextureCHROMIUM: invalid mailbox name
[1126/102147:ERROR:gles2_cmd_decoder.cc(7857)] [.CommandBufferContext.DisplayCompositor-3BD36540]RENDER WARNING: texture bound to texture unit 0 is not renderable. It maybe non-power-of-2 and have incompatible texture filtering.
[1126/102147:ERROR:gles2_cmd_decoder.cc(14683)] [.CommandBufferContext.DisplayCompositor-3BD36540]GL ERROR :GL_INVALID_OPERATION : glCreateAndConsumeTextureCHROMIUM: invalid mailbox name
[1126/102147:ERROR:gles2_cmd_decoder.cc(7857)] [.CommandBufferContext.DisplayCompositor-3BD36540]RENDER WARNING: texture bound to texture unit 0 is not renderable. It maybe non-power-of-2 and have incompatible texture filtering.
[1126/102147:ERROR:gles2_cmd_decoder.cc(14683)] [.CommandBufferContext.DisplayCompositor-3BD36540]GL ERROR :GL_INVALID_OPERATION : glCreateAndConsumeTextureCHROMIUM: invalid mailbox name
[1126/102147:ERROR:gles2_cmd_decoder.cc(7857)] [.CommandBufferContext.DisplayCompositor-3BD36540]RENDER WARNING: texture bound to texture unit 0 is not renderable. It maybe non-power-of-2 and have incompatible texture filtering.
[1126/102147:ERROR:gles2_cmd_decoder.cc(14683)] [.CommandBufferContext.DisplayCompositor-3BD36540]GL ERROR :GL_INVALID_OPERATION : glCreateAndConsumeTextureCHROMIUM: invalid mailbox name
[1126/102147:ERROR:gles2_cmd_decoder.cc(7857)] [.CommandBufferContext.DisplayCompositor-3BD36540]RENDER WARNING: texture bound to texture unit 0 is not renderable. It maybe non-power-of-2 and have incompatible texture filtering.
[1126/102147:ERROR:gles2_cmd_decoder.cc(14683)] [.CommandBufferContext.DisplayCompositor-3BD36540]GL ERROR :GL_INVALID_OPERATION : glCreateAndConsumeTextureCHROMIUM: invalid mailbox name
[1126/102147:ERROR:gles2_cmd_decoder.cc(7857)] [.CommandBufferContext.DisplayCompositor-3BD36540]RENDER WARNING: texture bound to texture unit 0 is not renderable. It maybe non-power-of-2 and have incompatible texture filtering.
[1126/102147:ERROR:gles2_cmd_decoder.cc(14683)] [.CommandBufferContext.DisplayCompositor-3BD36540]GL ERROR :GL_INVALID_OPERATION : glCreateAndConsumeTextureCHROMIUM: invalid mailbox name
[1126/102147:ERROR:gles2_cmd_decoder.cc(7857)] [.CommandBufferContext.DisplayCompositor-3BD36540]RENDER WARNING: texture bound to texture unit 0 is not renderable. It maybe non-power-of-2 and have incompatible texture filtering.
[1126/102147:ERROR:gles2_cmd_decoder.cc(14683)] [.CommandBufferContext.DisplayCompositor-3BD36540]GL ERROR :GL_INVALID_OPERATION : glCreateAndConsumeTextureCHROMIUM: invalid mailbox name
[1126/102147:ERROR:gles2_cmd_decoder.cc(7857)] [.CommandBufferContext.DisplayCompositor-3BD36540]RENDER WARNING: texture bound to texture unit 0 is not renderable. It maybe non-power-of-2 and have incompatible texture filtering.
[1126/102147:ERROR:gles2_cmd_decoder.cc(14683)] [.CommandBufferContext.DisplayCompositor-3BD36540]GL ERROR :GL_INVALID_OPERATION : glCreateAndConsumeTextureCHROMIUM: invalid mailbox name
[1126/102147:ERROR:gles2_cmd_decoder.cc(7857)] [.CommandBufferContext.DisplayCompositor-3BD36540]RENDER WARNING: texture bound to texture unit 0 is not renderable. It maybe non-power-of-2 and have incompatible texture filtering.
[1126/102147:ERROR:gles2_cmd_decoder.cc(14683)] [.CommandBufferContext.DisplayCompositor-3BD36540]GL ERROR :GL_INVALID_OPERATION : glCreateAndConsumeTextureCHROMIUM: invalid mailbox name
[1126/102147:ERROR:gles2_cmd_decoder.cc(7857)] [.CommandBufferContext.DisplayCompositor-3BD36540]RENDER WARNING: texture bound to texture unit 0 is not renderable. It maybe non-power-of-2 and have incompatible texture filtering.
[1126/102147:ERROR:gles2_cmd_decoder.cc(14683)] [.CommandBufferContext.DisplayCompositor-3BD36540]GL ERROR :GL_INVALID_OPERATION : glCreateAndConsumeTextureCHROMIUM: invalid mailbox name
[1126/102147:ERROR:gles2_cmd_decoder.cc(7857)] [.CommandBufferContext.DisplayCompositor-3BD36540]RENDER WARNING: texture bound to texture unit 0 is not renderable. It maybe non-power-of-2 and have incompatible texture filtering.
[1126/102147:ERROR:gles2_cmd_decoder.cc(14683)] [.CommandBufferContext.DisplayCompositor-3BD36540]GL ERROR :GL_INVALID_OPERATION : glCreateAndConsumeTextureCHROMIUM: invalid mailbox name
[1126/102147:ERROR:gles2_cmd_decoder.cc(7857)] [.CommandBufferContext.DisplayCompositor-3BD36540]RENDER WARNING: texture bound to texture unit 0 is not renderable. It maybe non-power-of-2 and have incompatible texture filtering.
[1126/102147:ERROR:gles2_cmd_decoder.cc(14683)] [.CommandBufferContext.DisplayCompositor-3BD36540]GL ERROR :GL_INVALID_OPERATION : glCreateAndConsumeTextureCHROMIUM: invalid mailbox name
[1126/102147:ERROR:gles2_cmd_decoder.cc(7857)] [.CommandBufferContext.DisplayCompositor-3BD36540]RENDER WARNING: texture bound to texture unit 0 is not renderable. It maybe non-power-of-2 and have incompatible texture filtering.
[1126/102147:ERROR:gles2_cmd_decoder.cc(14683)] [.CommandBufferContext.DisplayCompositor-3BD36540]GL ERROR :GL_INVALID_OPERATION : glCreateAndConsumeTextureCHROMIUM: invalid mailbox name
[1126/102147:ERROR:gles2_cmd_decoder.cc(7857)] [.CommandBufferContext.DisplayCompositor-3BD36540]RENDER WARNING: texture bound to texture unit 0 is not renderable. It maybe non-power-of-2 and have incompatible texture filtering.
[1126/102147:ERROR:gles2_cmd_decoder.cc(14683)] [.CommandBufferContext.DisplayCompositor-3BD36540]GL ERROR :GL_INVALID_OPERATION : glCreateAndConsumeTextureCHROMIUM: invalid mailbox name
[1126/102147:ERROR:gles2_cmd_decoder.cc(7857)] [.CommandBufferContext.DisplayCompositor-3BD36540]RENDER WARNING: texture bound to texture unit 0 is not renderable. It maybe non-power-of-2 and have incompatible texture filtering.
[1126/102147:ERROR:gles2_cmd_decoder.cc(14683)] [.CommandBufferContext.DisplayCompositor-3BD36540]GL ERROR :GL_INVALID_OPERATION : glCreateAndConsumeTextureCHROMIUM: invalid mailbox name
[1126/102147:ERROR:gles2_cmd_decoder.cc(7857)] [.CommandBufferContext.DisplayCompositor-3BD36540]RENDER WARNING: texture bound to texture unit 0 is not renderable. It maybe non-power-of-2 and have incompatible texture filtering.
[1126/102147:ERROR:gles2_cmd_decoder.cc(14683)] [.CommandBufferContext.DisplayCompositor-3BD36540]GL ERROR :GL_INVALID_OPERATION : glCreateAndConsumeTextureCHROMIUM: invalid mailbox name
[1126/102147:ERROR:gles2_cmd_decoder.cc(7857)] [.CommandBufferContext.DisplayCompositor-3BD36540]RENDER WARNING: texture bound to texture unit 0 is not renderable. It maybe non-power-of-2 and have incompatible texture filtering.
[1126/102147:ERROR:gles2_cmd_decoder.cc(14683)] [.CommandBufferContext.DisplayCompositor-3BD36540]GL ERROR :GL_INVALID_OPERATION : glCreateAndConsumeTextureCHROMIUM: invalid mailbox name
[1126/102147:ERROR:gles2_cmd_decoder.cc(7857)] [.CommandBufferContext.DisplayCompositor-3BD36540]RENDER WARNING: texture bound to texture unit 0 is not renderable. It maybe non-power-of-2 and have incompatible texture filtering.
[1126/102147:ERROR:gles2_cmd_decoder.cc(14683)] [.CommandBufferContext.DisplayCompositor-3BD36540]GL ERROR :GL_INVALID_OPERATION : glCreateAndConsumeTextureCHROMIUM: invalid mailbox name
[1126/102147:ERROR:gles2_cmd_decoder.cc(7857)] [.CommandBufferContext.DisplayCompositor-3BD36540]RENDER WARNING: texture bound to texture unit 0 is not renderable. It maybe non-power-of-2 and have incompatible texture filtering.
[1126/102147:ERROR:gles2_cmd_decoder.cc(14683)] [.CommandBufferContext.DisplayCompositor-3BD36540]GL ERROR :GL_INVALID_OPERATION : glCreateAndConsumeTextureCHROMIUM: invalid mailbox name
[1126/102147:ERROR:gles2_cmd_decoder.cc(7857)] [.CommandBufferContext.DisplayCompositor-3BD36540]RENDER WARNING: texture bound to texture unit 0 is not renderable. It maybe non-power-of-2 and have incompatible texture filtering.
[1126/102147:ERROR:gles2_cmd_decoder.cc(14683)] [.CommandBufferContext.DisplayCompositor-3BD36540]GL ERROR :GL_INVALID_OPERATION : glCreateAndConsumeTextureCHROMIUM: invalid mailbox name
[1126/102147:ERROR:gles2_cmd_decoder.cc(7857)] [.CommandBufferContext.DisplayCompositor-3BD36540]RENDER WARNING: texture bound to texture unit 0 is not renderable. It maybe non-power-of-2 and have incompatible texture filtering.
[1126/102147:ERROR:gles2_cmd_decoder.cc(14683)] [.CommandBufferContext.DisplayCompositor-3BD36540]GL ERROR :GL_INVALID_OPERATION : glCreateAndConsumeTextureCHROMIUM: invalid mailbox name
[1126/102147:ERROR:gles2_cmd_decoder.cc(7857)] [.CommandBufferContext.DisplayCompositor-3BD36540]RENDER WARNING: texture bound to texture unit 0 is not renderable. It maybe non-power-of-2 and have incompatible texture filtering.
[1126/102147:ERROR:gles2_cmd_decoder.cc(14683)] [.CommandBufferContext.DisplayCompositor-3BD36540]GL ERROR :GL_INVALID_OPERATION : glCreateAndConsumeTextureCHROMIUM: invalid mailbox name
[1126/102147:ERROR:gles2_cmd_decoder.cc(7857)] [.CommandBufferContext.DisplayCompositor-3BD36540]RENDER WARNING: texture bound to texture unit 0 is not renderable. It maybe non-power-of-2 and have incompatible texture filtering.
[1126/102147:ERROR:gles2_cmd_decoder.cc(14683)] [.CommandBufferContext.DisplayCompositor-3BD36540]GL ERROR :GL_INVALID_OPERATION : glCreateAndConsumeTextureCHROMIUM: invalid mailbox name
[1126/102147:ERROR:gles2_cmd_decoder.cc(14683)] [.CommandBufferContext.DisplayCompositor-3BD36540]GL ERROR :GL_INVALID_OPERATION : glCreateAndConsumeTextureCHROMIUM: invalid mailbox name
[1126/102147:ERROR:gles2_cmd_decoder.cc(7857)] [.CommandBufferContext.DisplayCompositor-3BD36540]RENDER WARNING: texture bound to texture unit 0 is not renderable. It maybe non-power-of-2 and have incompatible texture filtering.
[1126/102147:ERROR:gles2_cmd_decoder.cc(14683)] [.CommandBufferContext.DisplayCompositor-3BD36540]GL ERROR :GL_INVALID_OPERATION : glCreateAndConsumeTextureCHROMIUM: invalid mailbox name
[1126/102147:ERROR:gles2_cmd_decoder.cc(7857)] [.CommandBufferContext.DisplayCompositor-3BD36540]RENDER WARNING: texture bound to texture unit 0 is not renderable. It maybe non-power-of-2 and have incompatible texture filtering.
[1126/102147:ERROR:gles2_cmd_decoder.cc(14683)] [.CommandBufferContext.DisplayCompositor-3BD36540]GL ERROR :GL_INVALID_OPERATION : glCreateAndConsumeTextureCHROMIUM: invalid mailbox name
[1126/102147:ERROR:gles2_cmd_decoder.cc(7857)] [.CommandBufferContext.DisplayCompositor-3BD36540]RENDER WARNING: texture bound to texture unit 0 is not renderable. It maybe non-power-of-2 and have incompatible texture filtering.
[1126/102147:ERROR:gles2_cmd_decoder.cc(7857)] [.CommandBufferContext.DisplayCompositor-3BD36540]RENDER WARNING: texture bound to texture unit 0 is not renderable. It maybe non-power-of-2 and have incompatible texture filtering.
[1126/102147:ERROR:gles2_cmd_decoder.cc(14683)] [.CommandBufferContext.DisplayCompositor-3BD36D00]GL ERROR :GL_INVALID_OPERATION : glCreateAndConsumeTextureCHROMIUM: invalid mailbox name
[1126/102147:ERROR:gles2_cmd_decoder.cc(7857)] [.CommandBufferContext.DisplayCompositor-3BD36D00]RENDER WARNING: texture bound to texture unit 0 is not renderable. It maybe non-power-of-2 and have incompatible texture filtering.
[1126/102147:ERROR:gles2_cmd_decoder.cc(14683)] [.CommandBufferContext.DisplayCompositor-3BD36D00]GL ERROR :GL_INVALID_OPERATION : glCreateAndConsumeTextureCHROMIUM: invalid mailbox name
[1126/102147:ERROR:gles2_cmd_decoder.cc(7857)] [.CommandBufferContext.DisplayCompositor-3BD36D00]RENDER WARNING: texture bound to texture unit 0 is not renderable. It maybe non-power-of-2 and have incompatible texture filtering.
[1126/102147:ERROR:gles2_cmd_decoder.cc(14683)] [.CommandBufferContext.DisplayCompositor-3BD36D00]GL ERROR :GL_INVALID_OPERATION : glCreateAndConsumeTextureCHROMIUM: invalid mailbox name
[1126/102147:ERROR:gles2_cmd_decoder.cc(7857)] [.CommandBufferContext.DisplayCompositor-3BD36D00]RENDER WARNING: texture bound to texture unit 0 is not renderable. It maybe non-power-of-2 and have incompatible texture filtering.
[1126/102147:ERROR:gles2_cmd_decoder.cc(14683)] [.CommandBufferContext.DisplayCompositor-3BD36D00]GL ERROR :GL_INVALID_OPERATION : glCreateAndConsumeTextureCHROMIUM: invalid mailbox name
[1126/102147:ERROR:gles2_cmd_decoder.cc(7857)] [.CommandBufferContext.DisplayCompositor-3BD36D00]RENDER WARNING: texture bound to texture unit 0 is not renderable. It maybe non-power-of-2 and have incompatible texture filtering.
[1126/102147:ERROR:gles2_cmd_decoder.cc(14683)] [.CommandBufferContext.DisplayCompositor-3BD36D00]GL ERROR :GL_INVALID_OPERATION : glCreateAndConsumeTextureCHROMIUM: invalid mailbox name
[1126/102147:ERROR:gles2_cmd_decoder.cc(7857)] [.CommandBufferContext.DisplayCompositor-3BD36D00]RENDER WARNING: texture bound to texture unit 0 is not renderable. It maybe non-power-of-2 and have incompatible texture filtering.
[1126/102147:ERROR:gles2_cmd_decoder.cc(14683)] [.CommandBufferContext.DisplayCompositor-3BD36D00]GL ERROR :GL_INVALID_OPERATION : glCreateAndConsumeTextureCHROMIUM: invalid mailbox name
[1126/102147:ERROR:gles2_cmd_decoder.cc(7857)] [.CommandBufferContext.DisplayCompositor-3BD36D00]RENDER WARNING: texture bound to texture unit 0 is not renderable. It maybe non-power-of-2 and have incompatible texture filtering.
[1126/102147:ERROR:gles2_cmd_decoder.cc(14683)] [.CommandBufferContext.DisplayCompositor-3BD36D00]GL ERROR :GL_INVALID_OPERATION : glCreateAndConsumeTextureCHROMIUM: invalid mailbox name
[1126/102147:ERROR:gles2_cmd_decoder.cc(7857)] [.CommandBufferContext.DisplayCompositor-3BD36D00]RENDER WARNING: texture bound to texture unit 0 is not renderable. It maybe non-power-of-2 and have incompatible texture filtering.
[1126/102147:ERROR:gles2_cmd_decoder.cc(14683)] [.CommandBufferContext.DisplayCompositor-3BD36D00]GL ERROR :GL_INVALID_OPERATION : glCreateAndConsumeTextureCHROMIUM: invalid mailbox name
[1126/102147:ERROR:gles2_cmd_decoder.cc(7857)] [.CommandBufferContext.DisplayCompositor-3BD36D00]RENDER WARNING: texture bound to texture unit 0 is not renderable. It maybe non-power-of-2 and have incompatible texture filtering.
[1126/102147:ERROR:gles2_cmd_decoder.cc(14683)] [.CommandBufferContext.DisplayCompositor-3BD36D00]GL ERROR :GL_INVALID_OPERATION : glCreateAndConsumeTextureCHROMIUM: invalid mailbox name
[1126/102147:ERROR:gles2_cmd_decoder.cc(7857)] [.CommandBufferContext.DisplayCompositor-3BD36D00]RENDER WARNING: texture bound to texture unit 0 is not renderable. It maybe non-power-of-2 and have incompatible texture filtering.
[1126/102147:ERROR:gles2_cmd_decoder.cc(14683)] [.CommandBufferContext.DisplayCompositor-3BD36D00]GL ERROR :GL_INVALID_OPERATION : glCreateAndConsumeTextureCHROMIUM: invalid mailbox name
[1126/102147:ERROR:gles2_cmd_decoder.cc(7857)] [.CommandBufferContext.DisplayCompositor-3BD36D00]RENDER WARNING: texture bound to texture unit 0 is not renderable. It maybe non-power-of-2 and have incompatible texture filtering.
[1126/102147:ERROR:gles2_cmd_decoder.cc(14683)] [.CommandBufferContext.DisplayCompositor-3BD36D00]GL ERROR :GL_INVALID_OPERATION : glCreateAndConsumeTextureCHROMIUM: invalid mailbox name
[1126/102147:ERROR:gles2_cmd_decoder.cc(7857)] [.CommandBufferContext.DisplayCompositor-3BD36D00]RENDER WARNING: texture bound to texture unit 0 is not renderable. It maybe non-power-of-2 and have incompatible texture filtering.
[1126/102147:ERROR:gles2_cmd_decoder.cc(14683)] [.CommandBufferContext.DisplayCompositor-3BD36D00]GL ERROR :GL_INVALID_OPERATION : glCreateAndConsumeTextureCHROMIUM: invalid mailbox name
[1126/102147:ERROR:gles2_cmd_decoder.cc(7857)] [.CommandBufferContext.DisplayCompositor-3BD36D00]RENDER WARNING: texture bound to texture unit 0 is not renderable. It maybe non-power-of-2 and have incompatible texture filtering.
[1126/102147:ERROR:gles2_cmd_decoder.cc(14683)] [.CommandBufferContext.DisplayCompositor-3BD36D00]GL ERROR :GL_INVALID_OPERATION : glCreateAndConsumeTextureCHROMIUM: invalid mailbox name
[1126/102147:ERROR:gles2_cmd_decoder.cc(7857)] [.CommandBufferContext.DisplayCompositor-3BD36D00]RENDER WARNING: texture bound to texture unit 0 is not renderable. It maybe non-power-of-2 and have incompatible texture filtering.
[1126/102147:ERROR:gles2_cmd_decoder.cc(14683)] [.CommandBufferContext.DisplayCompositor-3BD36D00]GL ERROR :GL_INVALID_OPERATION : glCreateAndConsumeTextureCHROMIUM: invalid mailbox name
[1126/102147:ERROR:gles2_cmd_decoder.cc(7857)] [.CommandBufferContext.DisplayCompositor-3BD36D00]RENDER WARNING: texture bound to texture unit 0 is not renderable. It maybe non-power-of-2 and have incompatible texture filtering.
[1126/102147:ERROR:gles2_cmd_decoder.cc(14683)] [.CommandBufferContext.DisplayCompositor-3BD36D00]GL ERROR :GL_INVALID_OPERATION : glCreateAndConsumeTextureCHROMIUM: invalid mailbox name
[1126/102147:ERROR:gles2_cmd_decoder.cc(7857)] [.CommandBufferContext.DisplayCompositor-3BD36D00]RENDER WARNING: texture bound to texture unit 0 is not renderable. It maybe non-power-of-2 and have incompatible texture filtering.
[1126/102147:ERROR:gles2_cmd_decoder.cc(14683)] [.CommandBufferContext.DisplayCompositor-3BD36D00]GL ERROR :GL_INVALID_OPERATION : glCreateAndConsumeTextureCHROMIUM: invalid mailbox name
[1126/102147:ERROR:gles2_cmd_decoder.cc(7857)] [.CommandBufferContext.DisplayCompositor-3BD36D00]RENDER WARNING: texture bound to texture unit 0 is not renderable. It maybe non-power-of-2 and have incompatible texture filtering.
[1126/102147:ERROR:gles2_cmd_decoder.cc(14683)] [.CommandBufferContext.DisplayCompositor-3BD36D00]GL ERROR :GL_INVALID_OPERATION : glCreateAndConsumeTextureCHROMIUM: invalid mailbox name
[1126/102147:ERROR:gles2_cmd_decoder.cc(7857)] [.CommandBufferContext.DisplayCompositor-3BD36D00]RENDER WARNING: texture bound to texture unit 0 is not renderable. It maybe non-power-of-2 and have incompatible texture filtering.
[1126/102147:ERROR:gles2_cmd_decoder.cc(14683)] [.CommandBufferContext.DisplayCompositor-3BD36D00]GL ERROR :GL_INVALID_OPERATION : glCreateAndConsumeTextureCHROMIUM: invalid mailbox name
[1126/102147:ERROR:gles2_cmd_decoder.cc(7857)] [.CommandBufferContext.DisplayCompositor-3BD36D00]RENDER WARNING: texture bound to texture unit 0 is not renderable. It maybe non-power-of-2 and have incompatible texture filtering.
[1126/102147:ERROR:gles2_cmd_decoder.cc(14683)] [.CommandBufferContext.DisplayCompositor-3BD36D00]GL ERROR :GL_INVALID_OPERATION : glCreateAndConsumeTextureCHROMIUM: invalid mailbox name
[1126/102147:ERROR:gles2_cmd_decoder.cc(7857)] [.CommandBufferContext.DisplayCompositor-3BD36D00]RENDER WARNING: texture bound to texture unit 0 is not renderable. It maybe non-power-of-2 and have incompatible texture filtering.
[1126/102147:ERROR:gles2_cmd_decoder.cc(14683)] [.CommandBufferContext.DisplayCompositor-3BD36D00]GL ERROR :GL_INVALID_OPERATION : glCreateAndConsumeTextureCHROMIUM: invalid mailbox name
[1126/102147:ERROR:gles2_cmd_decoder.cc(7857)] [.CommandBufferContext.DisplayCompositor-3BD36D00]RENDER WARNING: texture bound to texture unit 0 is not renderable. It maybe non-power-of-2 and have incompatible texture filtering.
[1126/102147:ERROR:gles2_cmd_decoder.cc(14683)] [.CommandBufferContext.DisplayCompositor-3BD36D00]GL ERROR :GL_INVALID_OPERATION : glCreateAndConsumeTextureCHROMIUM: invalid mailbox name
[1126/102147:ERROR:gles2_cmd_decoder.cc(7857)] [.CommandBufferContext.DisplayCompositor-3BD36D00]RENDER WARNING: texture bound to texture unit 0 is not renderable. It maybe non-power-of-2 and have incompatible texture filtering.
[1126/102147:ERROR:gles2_cmd_decoder.cc(14683)] [.CommandBufferContext.DisplayCompositor-3BD36D00]GL ERROR :GL_INVALID_OPERATION : glCreateAndConsumeTextureCHROMIUM: invalid mailbox name
[1126/102147:ERROR:gles2_cmd_decoder.cc(7857)] [.CommandBufferContext.DisplayCompositor-3BD36D00]RENDER WARNING: texture bound to texture unit 0 is not renderable. It maybe non-power-of-2 and have incompatible texture filtering.
[1126/102147:ERROR:gles2_cmd_decoder.cc(14683)] [.CommandBufferContext.DisplayCompositor-3BD36D00]GL ERROR :GL_INVALID_OPERATION : glCreateAndConsumeTextureCHROMIUM: invalid mailbox name
[1126/102147:ERROR:gles2_cmd_decoder.cc(7857)] [.CommandBufferContext.DisplayCompositor-3BD36D00]RENDER WARNING: texture bound to texture unit 0 is not renderable. It maybe non-power-of-2 and have incompatible texture filtering.
[1126/102147:ERROR:gles2_cmd_decoder.cc(14683)] [.CommandBufferContext.DisplayCompositor-3BD36D00]GL ERROR :GL_INVALID_OPERATION : glCreateAndConsumeTextureCHROMIUM: invalid mailbox name
[1126/102147:ERROR:gles2_cmd_decoder.cc(7857)] [.CommandBufferContext.DisplayCompositor-3BD36D00]RENDER WARNING: texture bound to texture unit 0 is not renderable. It maybe non-power-of-2 and have incompatible texture filtering.
[1126/102147:ERROR:gles2_cmd_decoder.cc(14683)] [.CommandBufferContext.DisplayCompositor-3BD36D00]GL ERROR :GL_INVALID_OPERATION : glCreateAndConsumeTextureCHROMIUM: invalid mailbox name
[1126/102147:ERROR:gles2_cmd_decoder.cc(7857)] [.CommandBufferContext.DisplayCompositor-3BD36D00]RENDER WARNING: texture bound to texture unit 0 is not renderable. It maybe non-power-of-2 and have incompatible texture filtering.
[1126/102147:ERROR:gles2_cmd_decoder.cc(14683)] [.CommandBufferContext.DisplayCompositor-3BD36D00]GL ERROR :GL_INVALID_OPERATION : glCreateAndConsumeTextureCHROMIUM: invalid mailbox name
[1126/102147:ERROR:gles2_cmd_decoder.cc(7857)] [.CommandBufferContext.DisplayCompositor-3BD36D00]RENDER WARNING: texture bound to texture unit 0 is not renderable. It maybe non-power-of-2 and have incompatible texture filtering.
[1126/102147:ERROR:gles2_cmd_decoder.cc(14683)] [.CommandBufferContext.DisplayCompositor-3BD36D00]GL ERROR :GL_INVALID_OPERATION : glCreateAndConsumeTextureCHROMIUM: invalid mailbox name
[1126/102147:ERROR:gles2_cmd_decoder.cc(7857)] [.CommandBufferContext.DisplayCompositor-3BD36D00]RENDER WARNING: texture bound to texture unit 0 is not renderable. It maybe non-power-of-2 and have incompatible texture filtering.
[1126/102147:ERROR:gles2_cmd_decoder.cc(14683)] [.CommandBufferContext.DisplayCompositor-3BD36D00]GL ERROR :GL_INVALID_OPERATION : glCreateAndConsumeTextureCHROMIUM: invalid mailbox name
[1126/102147:ERROR:gles2_cmd_decoder.cc(7857)] [.CommandBufferContext.DisplayCompositor-3BD36D00]RENDER WARNING: texture bound to texture unit 0 is not renderable. It maybe non-power-of-2 and have incompatible texture filtering.
[1126/102147:ERROR:gles2_cmd_decoder.cc(14683)] [.CommandBufferContext.DisplayCompositor-3BD36D00]GL ERROR :GL_INVALID_OPERATION : glCreateAndConsumeTextureCHROMIUM: invalid mailbox name
[1126/102147:ERROR:gles2_cmd_decoder.cc(7857)] [.CommandBufferContext.DisplayCompositor-3BD36D00]RENDER WARNING: texture bound to texture unit 0 is not renderable. It maybe non-power-of-2 and have incompatible texture filtering.
[1126/102147:ERROR:gles2_cmd_decoder.cc(14683)] [.CommandBufferContext.DisplayCompositor-3BD36D00]GL ERROR :GL_INVALID_OPERATION : glCreateAndConsumeTextureCHROMIUM: invalid mailbox name
[1126/102147:ERROR:gles2_cmd_decoder.cc(7857)] [.CommandBufferContext.DisplayCompositor-3BD36D00]RENDER WARNING: texture bound to texture unit 0 is not renderable. It maybe non-power-of-2 and have incompatible texture filtering.
[1126/102147:ERROR:gles2_cmd_decoder.cc(14683)] [.CommandBufferContext.DisplayCompositor-3BD36D00]GL ERROR :GL_INVALID_OPERATION : glCreateAndConsumeTextureCHROMIUM: invalid mailbox name
[1126/102147:ERROR:gles2_cmd_decoder.cc(7857)] [.CommandBufferContext.DisplayCompositor-3BD36D00]RENDER WARNING: texture bound to texture unit 0 is not renderable. It maybe non-power-of-2 and have incompatible texture filtering.
[1126/102147:ERROR:gles2_cmd_decoder.cc(14683)] [.CommandBufferContext.DisplayCompositor-3BD36D00]GL ERROR :GL_INVALID_OPERATION : glCreateAndConsumeTextureCHROMIUM: invalid mailbox name
[1126/102147:ERROR:gles2_cmd_decoder.cc(7857)] [.CommandBufferContext.DisplayCompositor-3BD36D00]RENDER WARNING: texture bound to texture unit 0 is not renderable. It maybe non-power-of-2 and have incompatible texture filtering.
[1126/102147:ERROR:gles2_cmd_decoder.cc(14683)] [.CommandBufferContext.DisplayCompositor-3BD36D00]GL ERROR :GL_INVALID_OPERATION : glCreateAndConsumeTextureCHROMIUM: invalid mailbox name
[1126/102147:ERROR:gles2_cmd_decoder.cc(7857)] [.CommandBufferContext.DisplayCompositor-3BD36D00]RENDER WARNING: texture bound to texture unit 0 is not renderable. It maybe non-power-of-2 and have incompatible texture filtering.
[1126/102147:ERROR:gles2_cmd_decoder.cc(14683)] [.CommandBufferContext.DisplayCompositor-3BD36D00]GL ERROR :GL_INVALID_OPERATION : glCreateAndConsumeTextureCHROMIUM: invalid mailbox name
[1126/102147:ERROR:gles2_cmd_decoder.cc(7857)] [.CommandBufferContext.DisplayCompositor-3BD36D00]RENDER WARNING: texture bound to texture unit 0 is not renderable. It maybe non-power-of-2 and have incompatible texture filtering.
[1126/102147:ERROR:gles2_cmd_decoder.cc(14683)] [.CommandBufferContext.DisplayCompositor-3BD36D00]GL ERROR :GL_INVALID_OPERATION : glCreateAndConsumeTextureCHROMIUM: invalid mailbox name
[1126/102147:ERROR:gles2_cmd_decoder.cc(7857)] [.CommandBufferContext.DisplayCompositor-3BD36D00]RENDER WARNING: texture bound to texture unit 0 is not renderable. It maybe non-power-of-2 and have incompatible texture filtering.
[1126/102147:ERROR:gles2_cmd_decoder.cc(14683)] [.CommandBufferContext.DisplayCompositor-3BD36D00]GL ERROR :GL_INVALID_OPERATION : glCreateAndConsumeTextureCHROMIUM: invalid mailbox name
[1126/102147:ERROR:gles2_cmd_decoder.cc(7857)] [.CommandBufferContext.DisplayCompositor-3BD36D00]RENDER WARNING: texture bound to texture unit 0 is not renderable. It maybe non-power-of-2 and have incompatible texture filtering.
[1126/102147:ERROR:gles2_cmd_decoder.cc(14683)] [.CommandBufferContext.DisplayCompositor-3BD36D00]GL ERROR :GL_INVALID_OPERATION : glCreateAndConsumeTextureCHROMIUM: invalid mailbox name
[1126/102147:ERROR:gles2_cmd_decoder.cc(7857)] [.CommandBufferContext.DisplayCompositor-3BD36D00]RENDER WARNING: texture bound to texture unit 0 is not renderable. It maybe non-power-of-2 and have incompatible texture filtering.
[1126/102147:ERROR:gles2_cmd_decoder.cc(14683)] [.CommandBufferContext.DisplayCompositor-3BD36D00]GL ERROR :GL_INVALID_OPERATION : glCreateAndConsumeTextureCHROMIUM: invalid mailbox name
[1126/102147:ERROR:gles2_cmd_decoder.cc(7857)] [.CommandBufferContext.DisplayCompositor-3BD36D00]RENDER WARNING: texture bound to texture unit 0 is not renderable. It maybe non-power-of-2 and have incompatible texture filtering.
[1126/102147:ERROR:gles2_cmd_decoder.cc(14683)] [.CommandBufferContext.DisplayCompositor-3BD36D00]GL ERROR :GL_INVALID_OPERATION : glCreateAndConsumeTextureCHROMIUM: invalid mailbox name
[1126/102147:ERROR:gles2_cmd_decoder.cc(7857)] [.CommandBufferContext.DisplayCompositor-3BD36D00]RENDER WARNING: texture bound to texture unit 0 is not renderable. It maybe non-power-of-2 and have incompatible texture filtering.
[1126/102147:ERROR:gles2_cmd_decoder.cc(14683)] [.CommandBufferContext.DisplayCompositor-3BD36D00]GL ERROR :GL_INVALID_OPERATION : glCreateAndConsumeTextureCHROMIUM: invalid mailbox name
[1126/102147:ERROR:gles2_cmd_decoder.cc(7857)] [.CommandBufferContext.DisplayCompositor-3BD36D00]RENDER WARNING: texture bound to texture unit 0 is not renderable. It maybe non-power-of-2 and have incompatible texture filtering.
[1126/102147:ERROR:gles2_cmd_decoder.cc(14683)] [.CommandBufferContext.DisplayCompositor-3BD36D00]GL ERROR :GL_INVALID_OPERATION : glCreateAndConsumeTextureCHROMIUM: invalid mailbox name
[1126/102147:ERROR:gles2_cmd_decoder.cc(7857)] [.CommandBufferContext.DisplayCompositor-3BD36D00]RENDER WARNING: texture bound to texture unit 0 is not renderable. It maybe non-power-of-2 and have incompatible texture filtering.
[1126/102147:ERROR:gles2_cmd_decoder.cc(14683)] [.CommandBufferContext.DisplayCompositor-3BD36D00]GL ERROR :GL_INVALID_OPERATION : glCreateAndConsumeTextureCHROMIUM: invalid mailbox name
[1126/102147:ERROR:gles2_cmd_decoder.cc(7857)] [.CommandBufferContext.DisplayCompositor-3BD36D00]RENDER WARNING: texture bound to texture unit 0 is not renderable. It maybe non-power-of-2 and have incompatible texture filtering.
[1126/102147:ERROR:gles2_cmd_decoder.cc(14683)] [.CommandBufferContext.DisplayCompositor-3BD36D00]GL ERROR :GL_INVALID_OPERATION : glCreateAndConsumeTextureCHROMIUM: invalid mailbox name
[1126/102147:ERROR:gles2_cmd_decoder.cc(7857)] [.CommandBufferContext.DisplayCompositor-3BD36D00]RENDER WARNING: texture bound to texture unit 0 is not renderable. It maybe non-power-of-2 and have incompatible texture filtering.
[1126/102147:ERROR:gles2_cmd_decoder.cc(14683)] [.CommandBufferContext.DisplayCompositor-3BD36D00]GL ERROR :GL_INVALID_OPERATION : glCreateAndConsumeTextureCHROMIUM: invalid mailbox name
[1126/102147:ERROR:gles2_cmd_decoder.cc(7857)] [.CommandBufferContext.DisplayCompositor-3BD36D00]RENDER WARNING: texture bound to texture unit 0 is not renderable. It maybe non-power-of-2 and have incompatible texture filtering.
[1126/102147:ERROR:gles2_cmd_decoder.cc(14683)] [.CommandBufferContext.DisplayCompositor-3BD36D00]GL ERROR :GL_INVALID_OPERATION : glCreateAndConsumeTextureCHROMIUM: invalid mailbox name
[1126/102147:ERROR:gles2_cmd_decoder.cc(7857)] [.CommandBufferContext.DisplayCompositor-3BD36D00]RENDER WARNING: texture bound to texture unit 0 is not renderable. It maybe non-power-of-2 and have incompatible texture filtering.
[1126/102147:ERROR:gles2_cmd_decoder.cc(14683)] [.CommandBufferContext.DisplayCompositor-3BD36D00]GL ERROR :GL_INVALID_OPERATION : glCreateAndConsumeTextureCHROMIUM: invalid mailbox name
[1126/102147:ERROR:gles2_cmd_decoder.cc(7857)] [.CommandBufferContext.DisplayCompositor-3BD36D00]RENDER WARNING: texture bound to texture unit 0 is not renderable. It maybe non-power-of-2 and have incompatible texture filtering.
[1126/102147:ERROR:gles2_cmd_decoder.cc(14683)] [.CommandBufferContext.DisplayCompositor-3BD36D00]GL ERROR :GL_INVALID_OPERATION : glCreateAndConsumeTextureCHROMIUM: invalid mailbox name
[1126/102147:ERROR:gles2_cmd_decoder.cc(7857)] [.CommandBufferContext.DisplayCompositor-3BD36D00]RENDER WARNING: texture bound to texture unit 0 is not renderable. It maybe non-power-of-2 and have incompatible texture filtering.
[1126/102147:ERROR:gles2_cmd_decoder.cc(14683)] [.CommandBufferContext.DisplayCompositor-3BD36D00]GL ERROR :GL_INVALID_OPERATION : glCreateAndConsumeTextureCHROMIUM: invalid mailbox name
[1126/102147:ERROR:gles2_cmd_decoder.cc(7857)] [.CommandBufferContext.DisplayCompositor-3BD36D00]RENDER WARNING: texture bound to texture unit 0 is not renderable. It maybe non-power-of-2 and have incompatible texture filtering.
[1126/102147:ERROR:gles2_cmd_decoder.cc(14683)] [.CommandBufferContext.DisplayCompositor-3BD36D00]GL ERROR :GL_INVALID_OPERATION : glCreateAndConsumeTextureCHROMIUM: invalid mailbox name
[1126/102147:ERROR:gles2_cmd_decoder.cc(7857)] [.CommandBufferContext.DisplayCompositor-3BD36D00]RENDER WARNING: texture bound to texture unit 0 is not renderable. It maybe non-power-of-2 and have incompatible texture filtering.
[1126/102147:ERROR:gles2_cmd_decoder.cc(14683)] [.CommandBufferContext.DisplayCompositor-3BD36D00]GL ERROR :GL_INVALID_OPERATION : glCreateAndConsumeTextureCHROMIUM: invalid mailbox name
[1126/102147:ERROR:gles2_cmd_decoder.cc(7857)] [.CommandBufferContext.DisplayCompositor-3BD36D00]RENDER WARNING: texture bound to texture unit 0 is not renderable. It maybe non-power-of-2 and have incompatible texture filtering.
[1126/102147:ERROR:gles2_cmd_decoder.cc(14683)] [.CommandBufferContext.DisplayCompositor-3BD36D00]GL ERROR :GL_INVALID_OPERATION : glCreateAndConsumeTextureCHROMIUM: invalid mailbox name
[1126/102147:ERROR:gles2_cmd_decoder.cc(7857)] [.CommandBufferContext.DisplayCompositor-3BD36D00]RENDER WARNING: texture bound to texture unit 0 is not renderable. It maybe non-power-of-2 and have incompatible texture filtering.
[1126/102147:ERROR:gles2_cmd_decoder.cc(14683)] [.CommandBufferContext.DisplayCompositor-3BD36D00]GL ERROR :GL_INVALID_OPERATION : glCreateAndConsumeTextureCHROMIUM: invalid mailbox name
[1126/102147:ERROR:gles2_cmd_decoder.cc(7857)] [.CommandBufferContext.DisplayCompositor-3BD36D00]RENDER WARNING: texture bound to texture unit 0 is not renderable. It maybe non-power-of-2 and have incompatible texture filtering.
[1126/102147:ERROR:gles2_cmd_decoder.cc(14683)] [.CommandBufferContext.DisplayCompositor-3BD36D00]GL ERROR :GL_INVALID_OPERATION : glCreateAndConsumeTextureCHROMIUM: invalid mailbox name
[1126/102147:ERROR:gles2_cmd_decoder.cc(7857)] [.CommandBufferContext.DisplayCompositor-3BD36D00]RENDER WARNING: texture bound to texture unit 0 is not renderable. It maybe non-power-of-2 and have incompatible texture filtering.
[1126/102147:ERROR:gles2_cmd_decoder.cc(14683)] [.CommandBufferContext.DisplayCompositor-3BD36D00]GL ERROR :GL_INVALID_OPERATION : glCreateAndConsumeTextureCHROMIUM: invalid mailbox name
[1126/102147:ERROR:gles2_cmd_decoder.cc(7857)] [.CommandBufferContext.DisplayCompositor-3BD36D00]RENDER WARNING: texture bound to texture unit 0 is not renderable. It maybe non-power-of-2 and have incompatible texture filtering.
[1126/102147:ERROR:gles2_cmd_decoder.cc(14683)] [.CommandBufferContext.DisplayCompositor-3BD36D00]GL ERROR :GL_INVALID_OPERATION : glCreateAndConsumeTextureCHROMIUM: invalid mailbox name
[1126/102147:ERROR:gles2_cmd_decoder.cc(7857)] [.CommandBufferContext.DisplayCompositor-3BD36D00]RENDER WARNING: texture bound to texture unit 0 is not renderable. It maybe non-power-of-2 and have incompatible texture filtering.
[1126/102147:ERROR:gles2_cmd_decoder.cc(14683)] [.CommandBufferContext.DisplayCompositor-3BD36D00]GL ERROR :GL_INVALID_OPERATION : glCreateAndConsumeTextureCHROMIUM: invalid mailbox name
[1126/102147:ERROR:gles2_cmd_decoder.cc(7857)] [.CommandBufferContext.DisplayCompositor-3BD36D00]RENDER WARNING: texture bound to texture unit 0 is not renderable. It maybe non-power-of-2 and have incompatible texture filtering.
[1126/102147:ERROR:gles2_cmd_decoder.cc(14683)] [.CommandBufferContext.DisplayCompositor-3BD36D00]GL ERROR :GL_INVALID_OPERATION : glCreateAndConsumeTextureCHROMIUM: invalid mailbox name
[1126/102147:ERROR:gles2_cmd_decoder.cc(7857)] [.CommandBufferContext.DisplayCompositor-3BD36D00]RENDER WARNING: texture bound to texture unit 0 is not renderable. It maybe non-power-of-2 and have incompatible texture filtering.
[1126/102147:ERROR:gles2_cmd_decoder.cc(14683)] [.CommandBufferContext.DisplayCompositor-3BD36D00]GL ERROR :GL_INVALID_OPERATION : glCreateAndConsumeTextureCHROMIUM: invalid mailbox name
[1126/102147:ERROR:gles2_cmd_decoder.cc(7857)] [.CommandBufferContext.DisplayCompositor-3BD36D00]RENDER WARNING: texture bound to texture unit 0 is not renderable. It maybe non-power-of-2 and have incompatible texture filtering.
[1126/102147:ERROR:gles2_cmd_decoder.cc(14683)] [.CommandBufferContext.DisplayCompositor-3BD36D00]GL ERROR :GL_INVALID_OPERATION : glCreateAndConsumeTextureCHROMIUM: invalid mailbox name
[1126/102147:ERROR:gles2_cmd_decoder.cc(7857)] [.CommandBufferContext.DisplayCompositor-3BD36D00]RENDER WARNING: texture bound to texture unit 0 is not renderable. It maybe non-power-of-2 and have incompatible texture filtering.
[1126/102147:ERROR:gles2_cmd_decoder.cc(14683)] [.CommandBufferContext.DisplayCompositor-3BD36D00]GL ERROR :GL_INVALID_OPERATION : glCreateAndConsumeTextureCHROMIUM: invalid mailbox name
[1126/102147:ERROR:gles2_cmd_decoder.cc(7857)] [.CommandBufferContext.DisplayCompositor-3BD36D00]RENDER WARNING: texture bound to texture unit 0 is not renderable. It maybe non-power-of-2 and have incompatible texture filtering.
[1126/102147:ERROR:gles2_cmd_decoder.cc(14683)] [.CommandBufferContext.DisplayCompositor-3BD36D00]GL ERROR :GL_INVALID_OPERATION : glCreateAndConsumeTextureCHROMIUM: invalid mailbox name
[1126/102147:ERROR:gles2_cmd_decoder.cc(7857)] [.CommandBufferContext.DisplayCompositor-3BD36D00]RENDER WARNING: texture bound to texture unit 0 is not renderable. It maybe non-power-of-2 and have incompatible texture filtering.
[1126/102147:ERROR:gles2_cmd_decoder.cc(14683)] [.CommandBufferContext.DisplayCompositor-3BD36D00]GL ERROR :GL_INVALID_OPERATION : glCreateAndConsumeTextureCHROMIUM: invalid mailbox name
[1126/102147:ERROR:gles2_cmd_decoder.cc(7857)] [.CommandBufferContext.DisplayCompositor-3BD36D00]RENDER WARNING: texture bound to texture unit 0 is not renderable. It maybe non-power-of-2 and have incompatible texture filtering.
[1126/102147:ERROR:gles2_cmd_decoder.cc(14683)] [.CommandBufferContext.DisplayCompositor-3BD36D00]GL ERROR :GL_INVALID_OPERATION : glCreateAndConsumeTextureCHROMIUM: invalid mailbox name
[1126/102147:ERROR:gles2_cmd_decoder.cc(7857)] [.CommandBufferContext.DisplayCompositor-3BD36D00]RENDER WARNING: texture bound to texture unit 0 is not renderable. It maybe non-power-of-2 and have incompatible texture filtering.
[1126/102147:ERROR:gles2_cmd_decoder.cc(14683)] [.CommandBufferContext.DisplayCompositor-3BD36D00]GL ERROR :GL_INVALID_OPERATION : glCreateAndConsumeTextureCHROMIUM: invalid mailbox name
[1126/102147:ERROR:gles2_cmd_decoder.cc(7857)] [.CommandBufferContext.DisplayCompositor-3BD36D00]RENDER WARNING: texture bound to texture unit 0 is not renderable. It maybe non-power-of-2 and have incompatible texture filtering.
[1126/102147:ERROR:gles2_cmd_decoder.cc(14683)] [.CommandBufferContext.DisplayCompositor-3BD36D00]GL ERROR :GL_INVALID_OPERATION : glCreateAndConsumeTextureCHROMIUM: invalid mailbox name
[1126/102147:ERROR:gles2_cmd_decoder.cc(7857)] [.CommandBufferContext.DisplayCompositor-3BD36D00]RENDER WARNING: texture bound to texture unit 0 is not renderable. It maybe non-power-of-2 and have incompatible texture filtering.
